<?xml version="1.0" encoding="UTF-8"?>
<testng-results skipped="0" failed="0" ignored="1" total="2" passed="1">
  <reporter-output>
  </reporter-output>
  <suite name="Suite" duration-ms="52" started-at="2019-09-13T13:36:25 IST" finished-at="2019-09-13T13:36:25 IST">
    <groups>
      <group name="Group">
        <method signature="ClassGroup.test1()[pri:0, instance:TestNG.ClassGroup@4e9ba398]" name="test1" class="TestNG.ClassGroup"/>
      </group> <!-- Group -->
    </groups>
    <test name="Module" duration-ms="52" started-at="2019-09-13T13:36:25 IST" finished-at="2019-09-13T13:36:25 IST">
      <class name="TestNG.ClassGroup">
        <test-method status="PASS" signature="test1()[pri:0, instance:TestNG.ClassGroup@4e9ba398]" name="test1" duration-ms="9" started-at="2019-09-13T13:36:25 IST" finished-at="2019-09-13T13:36:25 IST">
          <reporter-output>
          </reporter-output>
        </test-method> <!-- test1 -->
      </class> <!-- TestNG.ClassGroup -->
    </test> <!-- Module -->
  </suite> <!-- Suite -->
</testng-results>
