<?xml version="1.0" encoding="UTF-8"?>
<testng-results skipped="0" failed="0" total="4" passed="4">
  <reporter-output>
  </reporter-output>
  <suite name="Default suite" duration-ms="46" started-at="2019-04-30T05:51:07Z" finished-at="2019-04-30T05:51:07Z">
    <groups>
    </groups>
    <test name="Default test" duration-ms="46" started-at="2019-04-30T05:51:07Z" finished-at="2019-04-30T05:51:07Z">
      <class name="environment.BeforeMethod">
        <test-method status="PASS" signature="beforesuite()[pri:0, instance:environment.BeforeMethod@77f03bb1]" name="beforesuite" is-config="true" duration-ms="8" started-at="2019-04-30T11:21:07Z" finished-at="2019-04-30T11:21:07Z">
          <reporter-output>
          </reporter-output>
        </test-method> <!-- beforesuite -->
        <test-method status="PASS" signature="beforetest()[pri:0, instance:environment.BeforeMethod@77f03bb1]" name="beforetest" is-config="true" duration-ms="1" started-at="2019-04-30T11:21:07Z" finished-at="2019-04-30T11:21:07Z">
          <reporter-output>
          </reporter-output>
        </test-method> <!-- beforetest -->
        <test-method status="PASS" signature="beforeclass()[pri:0, instance:environment.BeforeMethod@77f03bb1]" name="beforeclass" is-config="true" duration-ms="1" started-at="2019-04-30T11:21:07Z" finished-at="2019-04-30T11:21:07Z">
          <reporter-output>
          </reporter-output>
        </test-method> <!-- beforeclass -->
        <test-method status="PASS" signature="beforemethod()[pri:0, instance:environment.BeforeMethod@77f03bb1]" name="beforemethod" is-config="true" duration-ms="2" started-at="2019-04-30T11:21:07Z" finished-at="2019-04-30T11:21:07Z">
          <reporter-output>
          </reporter-output>
        </test-method> <!-- beforemethod -->
        <test-method status="PASS" signature="test1()[pri:0, instance:environment.BeforeMethod@77f03bb1]" name="test1" duration-ms="8" started-at="2019-04-30T11:21:07Z" finished-at="2019-04-30T11:21:07Z">
          <reporter-output>
          </reporter-output>
        </test-method> <!-- test1 -->
        <test-method status="PASS" signature="aftermethod()[pri:0, instance:environment.BeforeMethod@77f03bb1]" name="aftermethod" is-config="true" duration-ms="0" started-at="2019-04-30T11:21:07Z" finished-at="2019-04-30T11:21:07Z">
          <reporter-output>
          </reporter-output>
        </test-method> <!-- aftermethod -->
        <test-method status="PASS" signature="beforemethod()[pri:0, instance:environment.BeforeMethod@77f03bb1]" name="beforemethod" is-config="true" duration-ms="1" started-at="2019-04-30T11:21:07Z" finished-at="2019-04-30T11:21:07Z">
          <reporter-output>
          </reporter-output>
        </test-method> <!-- beforemethod -->
        <test-method status="PASS" signature="test2(java.lang.String, java.lang.String)[pri:0, instance:environment.BeforeMethod@77f03bb1]" name="test2" duration-ms="1" started-at="2019-04-30T11:21:07Z" data-provider="getData" finished-at="2019-04-30T11:21:07Z">
          <params>
            <param index="0">
              <value>
                <![CDATA[username1]]>
              </value>
            </param>
            <param index="1">
              <value>
                <![CDATA[password1]]>
              </value>
            </param>
          </params>
          <reporter-output>
          </reporter-output>
        </test-method> <!-- test2 -->
        <test-method status="PASS" signature="beforemethod()[pri:0, instance:environment.BeforeMethod@77f03bb1]" name="beforemethod" is-config="true" duration-ms="1" started-at="2019-04-30T11:21:07Z" finished-at="2019-04-30T11:21:07Z">
          <reporter-output>
          </reporter-output>
        </test-method> <!-- beforemethod -->
        <test-method status="PASS" signature="aftermethod()[pri:0, instance:environment.BeforeMethod@77f03bb1]" name="aftermethod" is-config="true" duration-ms="0" started-at="2019-04-30T11:21:07Z" finished-at="2019-04-30T11:21:07Z">
          <reporter-output>
          </reporter-output>
        </test-method> <!-- aftermethod -->
        <test-method status="PASS" signature="test2(java.lang.String, java.lang.String)[pri:0, instance:environment.BeforeMethod@77f03bb1]" name="test2" duration-ms="1" started-at="2019-04-30T11:21:07Z" data-provider="getData" finished-at="2019-04-30T11:21:07Z">
          <params>
            <param index="0">
              <value>
                <![CDATA[username2]]>
              </value>
            </param>
            <param index="1">
              <value>
                <![CDATA[password2]]>
              </value>
            </param>
          </params>
          <reporter-output>
          </reporter-output>
        </test-method> <!-- test2 -->
        <test-method status="PASS" signature="beforemethod()[pri:0, instance:environment.BeforeMethod@77f03bb1]" name="beforemethod" is-config="true" duration-ms="0" started-at="2019-04-30T11:21:07Z" finished-at="2019-04-30T11:21:07Z">
          <reporter-output>
          </reporter-output>
        </test-method> <!-- beforemethod -->
        <test-method status="PASS" signature="test2(java.lang.String, java.lang.String)[pri:0, instance:environment.BeforeMethod@77f03bb1]" name="test2" duration-ms="1" started-at="2019-04-30T11:21:07Z" data-provider="getData" finished-at="2019-04-30T11:21:07Z">
          <params>
            <param index="0">
              <value>
                <![CDATA[username3]]>
              </value>
            </param>
            <param index="1">
              <value>
                <![CDATA[password3]]>
              </value>
            </param>
          </params>
          <reporter-output>
          </reporter-output>
        </test-method> <!-- test2 -->
        <test-method status="PASS" signature="aftermethod()[pri:0, instance:environment.BeforeMethod@77f03bb1]" name="aftermethod" is-config="true" duration-ms="0" started-at="2019-04-30T11:21:07Z" finished-at="2019-04-30T11:21:07Z">
          <reporter-output>
          </reporter-output>
        </test-method> <!-- aftermethod -->
        <test-method status="PASS" signature="afterclass()[pri:0, instance:environment.BeforeMethod@77f03bb1]" name="afterclass" is-config="true" duration-ms="0" started-at="2019-04-30T11:21:07Z" finished-at="2019-04-30T11:21:07Z">
          <reporter-output>
          </reporter-output>
        </test-method> <!-- afterclass -->
        <test-method status="PASS" signature="aftermethod()[pri:0, instance:environment.BeforeMethod@77f03bb1]" name="aftermethod" is-config="true" duration-ms="0" started-at="2019-04-30T11:21:07Z" finished-at="2019-04-30T11:21:07Z">
          <reporter-output>
          </reporter-output>
        </test-method> <!-- aftermethod -->
        <test-method status="PASS" signature="aftertest()[pri:0, instance:environment.BeforeMethod@77f03bb1]" name="aftertest" is-config="true" duration-ms="1" started-at="2019-04-30T11:21:07Z" finished-at="2019-04-30T11:21:07Z">
          <reporter-output>
          </reporter-output>
        </test-method> <!-- aftertest -->
        <test-method status="PASS" signature="Aftersuite()[pri:0, instance:environment.BeforeMethod@77f03bb1]" name="Aftersuite" is-config="true" duration-ms="0" started-at="2019-04-30T11:21:08Z" finished-at="2019-04-30T11:21:08Z">
          <reporter-output>
          </reporter-output>
        </test-method> <!-- Aftersuite -->
      </class> <!-- environment.BeforeMethod -->
    </test> <!-- Default test -->
  </suite> <!-- Default suite -->
</testng-results>
