<?xml version="1.0" encoding="UTF-8"?>
<testng-results skipped="0" failed="0" ignored="0" total="1" passed="1">
  <reporter-output>
  </reporter-output>
  <suite name="Default suite" duration-ms="122957" started-at="2019-03-07T11:12:00Z" finished-at="2019-03-07T11:14:03Z">
    <groups>
    </groups>
    <test name="Default test" duration-ms="122957" started-at="2019-03-07T11:12:00Z" finished-at="2019-03-07T11:14:03Z">
      <class name="Client.Summary_TestCase">
        <test-method status="PASS" signature="testcase()[pri:0, instance:Client.Summary_TestCase@2ef5e5e3]" name="testcase" duration-ms="122926" started-at="2019-03-07T11:12:00Z" finished-at="2019-03-07T11:14:03Z">
          <reporter-output>
          </reporter-output>
        </test-method> <!-- testcase -->
      </class> <!-- Client.Summary_TestCase -->
    </test> <!-- Default test -->
  </suite> <!-- Default suite -->
</testng-results>
